[debug] [2026-02-07T04:00:05.165Z] ----------------------------------------------------------------------
[debug] [2026-02-07T04:00:05.167Z] Command:       /Users/hung.doan/.nvm/versions/node/v24.11.1/bin/node /Users/hung.doan/.nvm/versions/node/v24.11.1/bin/firebase init
[debug] [2026-02-07T04:00:05.167Z] CLI Version:   15.5.1
[debug] [2026-02-07T04:00:05.167Z] Platform:      darwin
[debug] [2026-02-07T04:00:05.167Z] Node Version:  v24.11.1
[debug] [2026-02-07T04:00:05.167Z] Time:          Sat Feb 07 2026 11:00:05 GMT+0700 (Indochina Time)
[debug] [2026-02-07T04:00:05.167Z] ----------------------------------------------------------------------
[debug] 
[debug] [2026-02-07T04:00:05.168Z] >>> [apiv2][query] GET https://firebase-public.firebaseio.com/cli.json [none]
[info] 
     ######## #### ########  ######## ########     ###     ######  ########
     ##        ##  ##     ## ##       ##     ##  ##   ##  ##       ##
     ######    ##  ########  ######   ########  #########  ######  ######
     ##        ##  ##    ##  ##       ##     ## ##     ##       ## ##
     ##       #### ##     ## ######## ########  ##     ##  ######  ########

You're about to initialize a Firebase project in this directory:

  /Users/hung.doan/Documents/GitHubPersonal/nutrition-app

[debug] [2026-02-07T04:00:05.834Z] *** [apiv2] error from fetch(https://firebase-public.firebaseio.com/cli.json, {"headers":{},"method":"GET"}): FetchError: request to https://firebase-public.firebaseio.com/cli.json failed, reason: read ECONNRESET
[warn] ⚠  Unable to fetch the CLI MOTD and remote config. This is not a fatal error, but may indicate an issue with your network connection. 
[debug] [2026-02-07T04:00:05.835Z] Failed to fetch MOTD FirebaseError: Failed to make request to https://firebase-public.firebaseio.com/cli.json
